<?xml version="1.0" encoding="UTF-8"?>
<testng-results total="1" passed="1" failed="0" skipped="0">
  <reporter-output>
  </reporter-output>
  <suite started-at="2020-12-16T14:14:41Z" name="Default suite" finished-at="2020-12-16T14:14:48Z" duration-ms="7432">
    <groups>
    </groups>
    <test started-at="2020-12-16T14:14:41Z" name="Default test" finished-at="2020-12-16T14:14:48Z" duration-ms="7432">
      <class name="com.Selenium_TestNG.SkyScanner">
        <test-method is-config="true" signature="loadChrome()[pri:0, instance:com.Selenium_TestNG.SkyScanner@49049a04]" started-at="2020-12-16T19:44:24Z" name="loadChrome" finished-at="2020-12-16T19:44:41Z" duration-ms="16965" status="PASS">
          <reporter-output>
          </reporter-output>
        </test-method> <!-- loadChrome -->
        <test-method signature="fill_From_To()[pri:0, instance:com.Selenium_TestNG.SkyScanner@49049a04]" started-at="2020-12-16T19:44:41Z" name="fill_From_To" finished-at="2020-12-16T19:44:48Z" duration-ms="7400" status="PASS">
          <reporter-output>
          </reporter-output>
        </test-method> <!-- fill_From_To -->
      </class> <!-- com.Selenium_TestNG.SkyScanner -->
    </test> <!-- Default test -->
  </suite> <!-- Default suite -->
</testng-results>
