<?xml version="1.0" encoding="UTF-8"?>
<!-- Generated by org.testng.reporters.JUnitXMLReporter -->
<testsuite hostname="LAPTOP-BN63LUHG" failures="0" tests="4" name="Default test" time="0.03" errors="0" timestamp="7 Dec 2020 16:26:09 GMT">
  <testcase classname="com.testng_Learn.Learn_TestNG2" name="testCase1" time="0.005">
    <skipped/>
  </testcase> <!-- testCase1 -->
  <testcase classname="com.testng_Learn.Learn_TestNG2" name="testCase2" time="0.001">
    <skipped/>
  </testcase> <!-- testCase2 -->
  <testcase classname="com.testng_Learn.Learn_TestNG2" name="testCase3" time="0.002">
    <skipped/>
  </testcase> <!-- testCase3 -->
  <testcase classname="com.testng_Learn.Learn_TestNG2" name="testCase4" time="0.001">
    <skipped/>
  </testcase> <!-- testCase4 -->
</testsuite> <!-- Default test -->
